CRITICAL - 2024-01-25 03:41:08 --> ParseError: syntax error, unexpected token "protected"
in APPPATH\Controllers\Home.php on line 9.
 1 SYSTEMPATH\Autoloader\Autoloader.php(288): CodeIgniter\Autoloader\Autoloader->includeFile('C:\\xampp\\htdocs\\cadastro\\app\\Controllers\\Home.php')
 2 SYSTEMPATH\Autoloader\Autoloader.php(266): CodeIgniter\Autoloader\Autoloader->loadInNamespace('App\\Controllers\\Home')
 3 [internal function]: CodeIgniter\Autoloader\Autoloader->loadClass('App\\Controllers\\Home')
 4 SYSTEMPATH\CodeIgniter.php(899): class_exists('\\App\\Controllers\\Home', true)
 5 SYSTEMPATH\CodeIgniter.php(489): CodeIgniter\CodeIgniter->startController()
 6 SYSTEMPATH\CodeIgniter.php(361): CodeIgniter\CodeIgniter->handleRequest(null, Object(Config\Cache), false)
 7 FCPATH\index.php(79): CodeIgniter\CodeIgniter->run()
CRITICAL - 2024-01-25 03:44:11 --> ParseError: syntax error, unexpected token "protected"
in APPPATH\Models\AlunoModel.php on line 13.
 1 SYSTEMPATH\Autoloader\Autoloader.php(288): CodeIgniter\Autoloader\Autoloader->includeFile('C:\\xampp\\htdocs\\cadastro\\app\\Models\\AlunoModel.php')
 2 SYSTEMPATH\Autoloader\Autoloader.php(266): CodeIgniter\Autoloader\Autoloader->loadInNamespace('App\\Models\\AlunoModel')
 3 APPPATH\Controllers\AlunoController.php(15): CodeIgniter\Autoloader\Autoloader->loadClass('App\\Models\\AlunoModel')
 4 SYSTEMPATH\CodeIgniter.php(941): App\Controllers\AlunoController->index()
 5 SYSTEMPATH\CodeIgniter.php(502): CodeIgniter\CodeIgniter->runController(Object(App\Controllers\AlunoController))
 6 SYSTEMPATH\CodeIgniter.php(361): CodeIgniter\CodeIgniter->handleRequest(null, Object(Config\Cache), false)
 7 FCPATH\index.php(79): CodeIgniter\CodeIgniter->run()
CRITICAL - 2024-01-25 03:59:14 --> ErrorException: Undefined variable $alunos
in APPPATH\Views\index.php on line 20.
 1 APPPATH\Views\index.php(20): CodeIgniter\Debug\Exceptions->errorHandler(2, 'Undefined variable $alunos', 'C:\\xampp\\htdocs\\cadastro\\app\\Views\\index.php', 20)
 2 SYSTEMPATH\View\View.php(228): include('C:\\xampp\\htdocs\\cadastro\\app\\Views\\index.php')
 3 SYSTEMPATH\View\View.php(231): CodeIgniter\View\View->CodeIgniter\View\{closure}()
 4 SYSTEMPATH\Common.php(1178): CodeIgniter\View\View->render('index', [], true)
 5 APPPATH\Controllers\Home.php(11): view('index')
 6 SYSTEMPATH\CodeIgniter.php(941): App\Controllers\Home->index()
 7 SYSTEMPATH\CodeIgniter.php(502): CodeIgniter\CodeIgniter->runController(Object(App\Controllers\Home))
 8 SYSTEMPATH\CodeIgniter.php(361): CodeIgniter\CodeIgniter->handleRequest(null, Object(Config\Cache), false)
 9 FCPATH\index.php(79): CodeIgniter\CodeIgniter->run()
CRITICAL - 2024-01-25 04:13:02 --> CodeIgniter\View\Exceptions\ViewException: Invalid file: "seu_formulario.php"
in SYSTEMPATH\Exceptions\FrameworkException.php on line 39.
 1 SYSTEMPATH\View\View.php(216): CodeIgniter\Exceptions\FrameworkException::forInvalidFile('seu_formulario.php')
 2 SYSTEMPATH\Common.php(1178): CodeIgniter\View\View->render('seu_formulario', [], true)
 3 APPPATH\Controllers\AlunoController.php(33): view('seu_formulario', [...])
 4 SYSTEMPATH\CodeIgniter.php(941): App\Controllers\AlunoController->index()
 5 SYSTEMPATH\CodeIgniter.php(502): CodeIgniter\CodeIgniter->runController(Object(App\Controllers\AlunoController))
 6 SYSTEMPATH\CodeIgniter.php(361): CodeIgniter\CodeIgniter->handleRequest(null, Object(Config\Cache), false)
 7 FCPATH\index.php(79): CodeIgniter\CodeIgniter->run()
CRITICAL - 2024-01-25 04:13:55 --> CodeIgniter\View\Exceptions\ViewException: Invalid file: "http://localhost/cadastro/public/.php"
in SYSTEMPATH\Exceptions\FrameworkException.php on line 39.
 1 SYSTEMPATH\View\View.php(216): CodeIgniter\Exceptions\FrameworkException::forInvalidFile('http://localhost/cadastro/public/.php')
 2 SYSTEMPATH\Common.php(1178): CodeIgniter\View\View->render('http://localhost/cadastro/public/', [], true)
 3 APPPATH\Controllers\AlunoController.php(33): view('http://localhost/cadastro/public/', [...])
 4 SYSTEMPATH\CodeIgniter.php(941): App\Controllers\AlunoController->index()
 5 SYSTEMPATH\CodeIgniter.php(502): CodeIgniter\CodeIgniter->runController(Object(App\Controllers\AlunoController))
 6 SYSTEMPATH\CodeIgniter.php(361): CodeIgniter\CodeIgniter->handleRequest(null, Object(Config\Cache), false)
 7 FCPATH\index.php(79): CodeIgniter\CodeIgniter->run()
CRITICAL - 2024-01-25 04:15:24 --> CodeIgniter\View\Exceptions\ViewException: Invalid file: "seu_formulario.php"
in SYSTEMPATH\Exceptions\FrameworkException.php on line 39.
 1 SYSTEMPATH\View\View.php(216): CodeIgniter\Exceptions\FrameworkException::forInvalidFile('seu_formulario.php')
 2 SYSTEMPATH\Common.php(1178): CodeIgniter\View\View->render('seu_formulario', [], true)
 3 APPPATH\Controllers\AlunoController.php(33): view('seu_formulario', [...])
 4 SYSTEMPATH\CodeIgniter.php(941): App\Controllers\AlunoController->index()
 5 SYSTEMPATH\CodeIgniter.php(502): CodeIgniter\CodeIgniter->runController(Object(App\Controllers\AlunoController))
 6 SYSTEMPATH\CodeIgniter.php(361): CodeIgniter\CodeIgniter->handleRequest(null, Object(Config\Cache), false)
 7 FCPATH\index.php(79): CodeIgniter\CodeIgniter->run()
CRITICAL - 2024-01-25 04:16:19 --> CodeIgniter\View\Exceptions\ViewException: Invalid file: "seu_formulario.php"
in SYSTEMPATH\Exceptions\FrameworkException.php on line 39.
 1 SYSTEMPATH\View\View.php(216): CodeIgniter\Exceptions\FrameworkException::forInvalidFile('seu_formulario.php')
 2 SYSTEMPATH\Common.php(1178): CodeIgniter\View\View->render('seu_formulario', [], true)
 3 APPPATH\Controllers\AlunoController.php(33): view('seu_formulario', [...])
 4 SYSTEMPATH\CodeIgniter.php(941): App\Controllers\AlunoController->index()
 5 SYSTEMPATH\CodeIgniter.php(502): CodeIgniter\CodeIgniter->runController(Object(App\Controllers\AlunoController))
 6 SYSTEMPATH\CodeIgniter.php(361): CodeIgniter\CodeIgniter->handleRequest(null, Object(Config\Cache), false)
 7 FCPATH\index.php(79): CodeIgniter\CodeIgniter->run()
CRITICAL - 2024-01-25 04:18:31 --> CodeIgniter\View\Exceptions\ViewException: Invalid file: "seu_formulario.php"
in SYSTEMPATH\Exceptions\FrameworkException.php on line 39.
 1 SYSTEMPATH\View\View.php(216): CodeIgniter\Exceptions\FrameworkException::forInvalidFile('seu_formulario.php')
 2 SYSTEMPATH\Common.php(1178): CodeIgniter\View\View->render('seu_formulario', [], true)
 3 APPPATH\Controllers\AlunoController.php(33): view('seu_formulario', [...])
 4 SYSTEMPATH\CodeIgniter.php(941): App\Controllers\AlunoController->index()
 5 SYSTEMPATH\CodeIgniter.php(502): CodeIgniter\CodeIgniter->runController(Object(App\Controllers\AlunoController))
 6 SYSTEMPATH\CodeIgniter.php(361): CodeIgniter\CodeIgniter->handleRequest(null, Object(Config\Cache), false)
 7 FCPATH\index.php(79): CodeIgniter\CodeIgniter->run()
CRITICAL - 2024-01-25 04:20:50 --> CodeIgniter\View\Exceptions\ViewException: Invalid file: "seu_formulario.php"
in SYSTEMPATH\Exceptions\FrameworkException.php on line 39.
 1 SYSTEMPATH\View\View.php(216): CodeIgniter\Exceptions\FrameworkException::forInvalidFile('seu_formulario.php')
 2 SYSTEMPATH\Common.php(1178): CodeIgniter\View\View->render('seu_formulario', [], true)
 3 APPPATH\Controllers\AlunoController.php(33): view('seu_formulario', [...])
 4 SYSTEMPATH\CodeIgniter.php(941): App\Controllers\AlunoController->index()
 5 SYSTEMPATH\CodeIgniter.php(502): CodeIgniter\CodeIgniter->runController(Object(App\Controllers\AlunoController))
 6 SYSTEMPATH\CodeIgniter.php(361): CodeIgniter\CodeIgniter->handleRequest(null, Object(Config\Cache), false)
 7 FCPATH\index.php(79): CodeIgniter\CodeIgniter->run()
